<?xml version="1.0" encoding="UTF-8"?>
<testng-results skipped="0" failed="0" ignored="0" total="1" passed="1">
  <reporter-output>
  </reporter-output>
  <suite name="Default suite" duration-ms="88473" started-at="2020-11-23T04:58:37 CET" finished-at="2020-11-23T05:00:05 CET">
    <groups>
    </groups>
    <test name="Default test" duration-ms="88473" started-at="2020-11-23T04:58:37 CET" finished-at="2020-11-23T05:00:05 CET">
      <class name="AppTest">
        <test-method status="PASS" signature="initialiseDriverAndProperties()[pri:0, instance:AppTest@158fe70]" name="initialiseDriverAndProperties" is-config="true" duration-ms="17555" started-at="2020-11-23T04:58:37 CET" finished-at="2020-11-23T04:58:54 CET">
          <reporter-output>
          </reporter-output>
        </test-method> <!-- initialiseDriverAndProperties -->
        <test-method status="PASS" signature="f()[pri:0, instance:AppTest@158fe70]" name="f" duration-ms="61799" started-at="2020-11-23T04:58:55 CET" finished-at="2020-11-23T04:59:56 CET">
          <reporter-output>
          </reporter-output>
        </test-method> <!-- f -->
        <test-method status="PASS" signature="closeBrowser()[pri:0, instance:AppTest@158fe70]" name="closeBrowser" is-config="true" duration-ms="8768" started-at="2020-11-23T04:59:56 CET" finished-at="2020-11-23T05:00:05 CET">
          <reporter-output>
          </reporter-output>
        </test-method> <!-- closeBrowser -->
      </class> <!-- AppTest -->
    </test> <!-- Default test -->
  </suite> <!-- Default suite -->
</testng-results>
